<?xml version="1.0" encoding="UTF-8"?>
<testng-results ignored="0" total="1" passed="1" failed="0" skipped="0">
  <reporter-output>
    <line>
      <![CDATA[HI]]>
    </line>
  </reporter-output>
  <suite started-at="2025-12-03T15:44:24 IST" name="Default suite" finished-at="2025-12-03T15:44:25 IST" duration-ms="91">
    <groups>
    </groups>
    <test started-at="2025-12-03T15:44:24 IST" name="Default test" finished-at="2025-12-03T15:44:25 IST" duration-ms="91">
      <class name="package1.Class1Test">
        <test-method signature="SampleTest()[pri:0, instance:package1.Class1Test@35d019a3]" started-at="2025-12-03T15:44:25 IST" name="SampleTest" finished-at="2025-12-03T15:44:25 IST" duration-ms="17" status="PASS">
          <reporter-output>
            <line>
              <![CDATA[HI]]>
            </line>
          </reporter-output>
        </test-method> <!-- SampleTest -->
      </class> <!-- package1.Class1Test -->
    </test> <!-- Default test -->
  </suite> <!-- Default suite -->
</testng-results>
