<?xml version="1.0" encoding="UTF-8"?>
<!-- Generated by org.testng.reporters.JUnitReportReporter -->
<testsuite hostname="DeepuAnand07" failures="0" tests="1" name="package1.Class1Test" time="0.017" errors="0" timestamp="2025-12-03T15:44:25 IST" skipped="0">
  <testcase classname="package1.Class1Test" name="SampleTest" time="0.017">
    <system-out>
      <![CDATA[HI]]>
    </system-out>
  </testcase> <!-- SampleTest -->
  <system-out>
    <![CDATA[HI]]>
  </system-out>
</testsuite> <!-- package1.Class1Test -->
